This is pdfTeX, Version 3.141592653-2.6-1.40.24 (MiKTeX 22.1) (preloaded format=latex 2025.2.14)  14 FEB 2025 19:44
entering extended mode
 restricted \write18 enabled.
 %&-line parsing enabled.
**./_formulas_dark.tex
(_formulas_dark.tex
LaTeX2e <2024-11-01> patch level 2
L3 programming layer <2025-01-18>

(/Users/stanislav/Library/Application Support/MiKTeX/texmfs/install/tex/latex/b
ase/article.cls
Document Class: article 2024/06/29 v1.4n Standard LaTeX document class

(/Users/stanislav/Library/Application Support/MiKTeX/texmfs/install/tex/latex/b
ase/size10.clo
File: size10.clo 2024/06/29 v1.4n Standard LaTeX file (size option)
)
\c@part=\count196
\c@section=\count197
\c@subsection=\count198
\c@subsubsection=\count199
\c@paragraph=\count266
\c@subparagraph=\count267
\c@figure=\count268
\c@table=\count269
\abovecaptionskip=\skip49
\belowcaptionskip=\skip50
\bibindent=\dimen141
)
(/Users/stanislav/Library/Application Support/MiKTeX/texmfs/install/tex/generic
/iftex/iftex.sty
Package: iftex 2024/12/12 v1.0g TeX engine tests
)
(/Users/stanislav/Library/Application Support/MiKTeX/texmfs/install/tex/latex/b
ase/ifthen.sty
Package: ifthen 2024/03/16 v1.1e Standard LaTeX ifthen package (DPC)
)
(/Users/stanislav/Library/Application Support/MiKTeX/texmfs/install/tex/latex/g
raphics/epsfig.sty
Package: epsfig 2024/01/14 v1.7b (e)psfig emulation (SPQR)

(/Users/stanislav/Library/Application Support/MiKTeX/texmfs/install/tex/latex/g
raphics/graphicx.sty
Package: graphicx 2021/09/16 v1.2d Enhanced LaTeX Graphics (DPC,SPQR)

(/Users/stanislav/Library/Application Support/MiKTeX/texmfs/install/tex/latex/g
raphics/keyval.sty
Package: keyval 2022/05/29 v1.15 key=value parser (DPC)
\KV@toks@=\toks17
)
(/Users/stanislav/Library/Application Support/MiKTeX/texmfs/install/tex/latex/g
raphics/graphics.sty
Package: graphics 2024/08/06 v1.4g Standard LaTeX Graphics (DPC,SPQR)

(/Users/stanislav/Library/Application Support/MiKTeX/texmfs/install/tex/latex/g
raphics/trig.sty
Package: trig 2023/12/02 v1.11 sin cos tan (DPC)
)
(/Users/stanislav/Library/Application Support/MiKTeX/texmfs/install/tex/latex/g
raphics-cfg/graphics.cfg
File: graphics.cfg 2016/06/04 v1.11 sample graphics configuration
)
Package graphics Info: Driver file: dvips.def on input line 106.

(/Users/stanislav/Library/Application Support/MiKTeX/texmfs/install/tex/latex/g
raphics-def/dvips.def
File: dvips.def 2022/09/22 v3.1e Graphics/color driver for dvips
))
\Gin@req@height=\dimen142
\Gin@req@width=\dimen143
)
\epsfxsize=\dimen144
\epsfysize=\dimen145
)
(/Users/stanislav/Library/Application Support/MiKTeX/texmfs/install/tex/latex/b
ase/inputenc.sty
Package: inputenc 2024/02/08 v1.3d Input encoding file
\inpenc@prehook=\toks18
\inpenc@posthook=\toks19
)
(/Users/stanislav/Library/Application Support/MiKTeX/texmfs/install/tex/latex/x
color/xcolor.sty
Package: xcolor 2024/09/29 v3.02 LaTeX color extensions (UK)

(/Users/stanislav/Library/Application Support/MiKTeX/texmfs/install/tex/latex/g
raphics-cfg/color.cfg
File: color.cfg 2016/01/02 v1.6 sample color configuration
)
Package xcolor Info: Driver file: dvips.def on input line 274.

(/Users/stanislav/Library/Application Support/MiKTeX/texmfs/install/tex/latex/g
raphics/mathcolor.ltx)
Package xcolor Info: Model `cmy' substituted by `cmy0' on input line 1349.
Package xcolor Info: Model `RGB' extended on input line 1365.
Package xcolor Info: Model `HTML' substituted by `rgb' on input line 1367.
Package xcolor Info: Model `Hsb' substituted by `hsb' on input line 1368.
Package xcolor Info: Model `tHsb' substituted by `hsb' on input line 1369.
Package xcolor Info: Model `HSB' substituted by `hsb' on input line 1370.
Package xcolor Info: Model `Gray' substituted by `gray' on input line 1371.
Package xcolor Info: Model `wave' substituted by `hsb' on input line 1372.
)
(/Users/stanislav/Library/Application Support/MiKTeX/texmfs/install/tex/latex/n
ewunicodechar/newunicodechar.sty
Package: newunicodechar 2018/04/08 v1.2 Defining Unicode characters
)
(/Users/stanislav/Library/Application Support/MiKTeX/texmfs/install/tex/latex/l
3backend/l3backend-dvips.def
File: l3backend-dvips.def 2024-05-08 L3 backend support: dvips
\l__pdf_internal_box=\box52
\l__pdf_backend_content_box=\box53
\l__pdf_backend_model_box=\box54
\g__pdf_backend_annotation_int=\count270
\g__pdf_backend_link_int=\count271
\g__pdf_backend_link_sf_int=\count272
)
No file _formulas_dark.aux.
\openout1 = `_formulas_dark.aux'.

LaTeX Font Info:    Checking defaults for OML/cmm/m/it on input line 32.
LaTeX Font Info:    ... okay on input line 32.
LaTeX Font Info:    Checking defaults for OMS/cmsy/m/n on input line 32.
LaTeX Font Info:    ... okay on input line 32.
LaTeX Font Info:    Checking defaults for OT1/cmr/m/n on input line 32.
LaTeX Font Info:    ... okay on input line 32.
LaTeX Font Info:    Checking defaults for T1/cmr/m/n on input line 32.
LaTeX Font Info:    ... okay on input line 32.
LaTeX Font Info:    Checking defaults for TS1/cmr/m/n on input line 32.
LaTeX Font Info:    ... okay on input line 32.
LaTeX Font Info:    Checking defaults for OMX/cmex/m/n on input line 32.
LaTeX Font Info:    ... okay on input line 32.
LaTeX Font Info:    Checking defaults for U/cmr/m/n on input line 32.
LaTeX Font Info:    ... okay on input line 32.
LaTeX Font Info:    External font `cmex10' loaded for size
(Font)              <7> on input line 33.
LaTeX Font Info:    External font `cmex10' loaded for size
(Font)              <5> on input line 33.
! Undefined control sequence.
l.33 \[\text
            {MSE} = \frac{1}{n} \sum_{i=1}^{n} (d_i - y_i)^2
The control sequence at the end of the top line
of your error message was never \def'ed. If you have
misspelled it (e.g., `\hobx'), type `I' and the correct
spelling (e.g., `I\hbox'). Otherwise just continue,
and I'll forget about whatever was undefined.



[1

] (_formulas_dark.aux)
 ***********
LaTeX2e <2024-11-01> patch level 2
L3 programming layer <2025-01-18>
 ***********
 ) 
Here is how much of TeX's memory you used:
 1576 strings out of 473531
 27346 string characters out of 5704207
 419732 words of memory out of 5000000
 24837 multiletter control sequences out of 15000+600000
 558837 words of font info for 36 fonts, out of 8000000 for 9000
 1141 hyphenation exceptions out of 8191
 72i,5n,79p,235b,103s stack positions out of 10000i,1000n,20000p,200000b,200000s

Output written on _formulas_dark.dvi (1 page, 800 bytes).
